Started by user [8mha:////4GIP+xj5NOtaS+M4ifG+aOOvrfheLpJNZNtqv6mLI8hEAAAAlx+LCAAAAAAAAP9b85aBtbiIQTGjNKU4P08vOT+vOD8nVc83PyU1x6OyILUoJzMv2y+/JJUBAhiZGBgqihhk0NSjKDWzXb3RdlLBUSYGJk8GtpzUvPSSDB8G5tKinBIGIZ+sxLJE/ZzEvHT94JKizLx0a6BxUmjGOUNodHsLgAzBEgZu/dLi1CL9xJTczDwAo1uC48AAAAA=[0mYoussef Abu hamda
Running as SYSTEM
Building in workspace /var/jenkins_home/workspace/maven
The recommended git tool is: NONE
No credentials specified
 > git rev-parse --resolve-git-dir /var/jenkins_home/workspace/maven/.git # timeout=10
Fetching changes from the remote Git repository
 > git config remote.origin.url https://github.com/jenkins-docs/simple-java-maven-app.git # timeout=10
Fetching upstream changes from https://github.com/jenkins-docs/simple-java-maven-app.git
 > git --version # timeout=10
 > git --version # 'git version 2.30.2'
 > git fetch --tags --force --progress -- https://github.com/jenkins-docs/simple-java-maven-app.git +refs/heads/*:refs/remotes/origin/* # timeout=10
 > git rev-parse refs/remotes/origin/master^{commit} # timeout=10
Checking out Revision d429203aa304cba0a1beb7fda8219d916c1e2fce (refs/remotes/origin/master)
 > git config core.sparsecheckout # timeout=10
 > git checkout -f d429203aa304cba0a1beb7fda8219d916c1e2fce # timeout=10
Commit message: "Merge pull request #264 from MarkEWaite/use-latest-compiler-plugin"
 > git rev-list --no-walk d429203aa304cba0a1beb7fda8219d916c1e2fce # timeout=10
[maven] $ /var/jenkins_home/tools/hudson.tasks.Maven_MavenInstallation/jenkins_maven/bin/mvn -b-DskipTests clean package
[INFO] Scanning for projects...
[INFO] ------------------------------------------------------------------------
[INFO] BUILD FAILURE
[INFO] ------------------------------------------------------------------------
[INFO] Total time:  0.125 s
[INFO] Finished at: 2022-02-03T13:54:29Z
[INFO] ------------------------------------------------------------------------
[8mha:////4Fvsfyqc4i59okRqz7B6qYT0f8PezH9Oq+Zb3Ndm7ltiAAAAYB+LCAAAAAAAAP9b85aBtbiIQSmjNKU4P0+vJLE4u1gvPjexLDVPzxdEuhYV5Rf55Zek1m9pfpLfVWLNxMBQUcQgBdWQnJ9XnJ+TqucMoUEKGSCAEaSwAABqVhoSYAAAAA==[0m[ERROR] The builder requested using id = -DskipTests cannot be found -> [Help 1]
[8mha:////4Fvsfyqc4i59okRqz7B6qYT0f8PezH9Oq+Zb3Ndm7ltiAAAAYB+LCAAAAAAAAP9b85aBtbiIQSmjNKU4P0+vJLE4u1gvPjexLDVPzxdEuhYV5Rf55Zek1m9pfpLfVWLNxMBQUcQgBdWQnJ9XnJ+TqucMoUEKGSCAEaSwAABqVhoSYAAAAA==[0m[ERROR] 
[8mha:////4Fvsfyqc4i59okRqz7B6qYT0f8PezH9Oq+Zb3Ndm7ltiAAAAYB+LCAAAAAAAAP9b85aBtbiIQSmjNKU4P0+vJLE4u1gvPjexLDVPzxdEuhYV5Rf55Zek1m9pfpLfVWLNxMBQUcQgBdWQnJ9XnJ+TqucMoUEKGSCAEaSwAABqVhoSYAAAAA==[0m[ERROR] To see the full stack trace of the errors, re-run Maven with the -e switch.
[8mha:////4Fvsfyqc4i59okRqz7B6qYT0f8PezH9Oq+Zb3Ndm7ltiAAAAYB+LCAAAAAAAAP9b85aBtbiIQSmjNKU4P0+vJLE4u1gvPjexLDVPzxdEuhYV5Rf55Zek1m9pfpLfVWLNxMBQUcQgBdWQnJ9XnJ+TqucMoUEKGSCAEaSwAABqVhoSYAAAAA==[0m[ERROR] Re-run Maven using the -X switch to enable full debug logging.
[8mha:////4Fvsfyqc4i59okRqz7B6qYT0f8PezH9Oq+Zb3Ndm7ltiAAAAYB+LCAAAAAAAAP9b85aBtbiIQSmjNKU4P0+vJLE4u1gvPjexLDVPzxdEuhYV5Rf55Zek1m9pfpLfVWLNxMBQUcQgBdWQnJ9XnJ+TqucMoUEKGSCAEaSwAABqVhoSYAAAAA==[0m[ERROR] 
[8mha:////4Fvsfyqc4i59okRqz7B6qYT0f8PezH9Oq+Zb3Ndm7ltiAAAAYB+LCAAAAAAAAP9b85aBtbiIQSmjNKU4P0+vJLE4u1gvPjexLDVPzxdEuhYV5Rf55Zek1m9pfpLfVWLNxMBQUcQgBdWQnJ9XnJ+TqucMoUEKGSCAEaSwAABqVhoSYAAAAA==[0m[ERROR] For more information about the errors and possible solutions, please read the following articles:
[8mha:////4Fvsfyqc4i59okRqz7B6qYT0f8PezH9Oq+Zb3Ndm7ltiAAAAYB+LCAAAAAAAAP9b85aBtbiIQSmjNKU4P0+vJLE4u1gvPjexLDVPzxdEuhYV5Rf55Zek1m9pfpLfVWLNxMBQUcQgBdWQnJ9XnJ+TqucMoUEKGSCAEaSwAABqVhoSYAAAAA==[0m[ERROR] [Help 1] http://cwiki.apache.org/confluence/display/MAVEN/BuilderNotFoundException
Build step 'Invoke top-level Maven targets' marked build as failure
Skipped archiving because build is not successful
Recording test results
ERROR: Step â€˜Publish JUnit test result reportâ€™ failed: Test reports were found but none of them are new. Did leafNodes run? 
For example, /var/jenkins_home/workspace/maven/target/surefire-reports/TEST-com.mycompany.app.AppTest.xml is 9 min 49 sec old

Sending e-mails to: uukk102yahoo@gmail.com
Finished: FAILURE
